[2026-02-13T21:08:26.100+0000] {taskinstance.py:1956} INFO - Dependencies all met for dep_context=non-requeueable deps ti=<TaskInstance: etl_pipeline.transform manual__2026-02-13T21:08:22.743549+00:00 [queued]>
[2026-02-13T21:08:26.107+0000] {taskinstance.py:1956} INFO - Dependencies all met for dep_context=requeueable deps ti=<TaskInstance: etl_pipeline.transform manual__2026-02-13T21:08:22.743549+00:00 [queued]>
[2026-02-13T21:08:26.108+0000] {taskinstance.py:2170} INFO - Starting attempt 1 of 1
[2026-02-13T21:08:26.119+0000] {taskinstance.py:2191} INFO - Executing <Task(BashOperator): transform> on 2026-02-13 21:08:22.743549+00:00
[2026-02-13T21:08:26.123+0000] {standard_task_runner.py:60} INFO - Started process 100 to run task
[2026-02-13T21:08:26.126+0000] {standard_task_runner.py:87} INFO - Running: ['***', 'tasks', 'run', 'etl_pipeline', 'transform', 'manual__2026-02-13T21:08:22.743549+00:00', '--job-id', '34', '--raw', '--subdir', 'DAGS_FOLDER/etl_pipeline.py', '--cfg-path', '/tmp/tmp1_btyzk_']
[2026-02-13T21:08:26.127+0000] {standard_task_runner.py:88} INFO - Job 34: Subtask transform
[2026-02-13T21:08:26.185+0000] {task_command.py:423} INFO - Running <TaskInstance: etl_pipeline.transform manual__2026-02-13T21:08:22.743549+00:00 [running]> on host aed83b872311
[2026-02-13T21:08:26.244+0000] {taskinstance.py:2480} INFO - Exporting env vars: AIRFLOW_CTX_DAG_OWNER='***' AIRFLOW_CTX_DAG_ID='etl_pipeline' AIRFLOW_CTX_TASK_ID='transform' AIRFLOW_CTX_EXECUTION_DATE='2026-02-13T21:08:22.743549+00:00' AIRFLOW_CTX_TRY_NUMBER='1' AIRFLOW_CTX_DAG_RUN_ID='manual__2026-02-13T21:08:22.743549+00:00'
[2026-02-13T21:08:26.245+0000] {subprocess.py:63} INFO - Tmp dir root location: /tmp
[2026-02-13T21:08:26.247+0000] {subprocess.py:75} INFO - Running command: ['/usr/bin/bash', '-c', 'python /opt/***/dags/scripts/transform.py']
[2026-02-13T21:08:26.255+0000] {subprocess.py:86} INFO - Output:
[2026-02-13T21:08:31.345+0000] {subprocess.py:93} INFO - /opt/***/dags/scripts/transform.py:23: UserWarning: The argument 'infer_datetime_format' is deprecated and will be removed in a future version. A strict version of it is now the default, see https://pandas.pydata.org/pdeps/0004-consistent-to-datetime-parsing.html. You can safely remove this argument.
[2026-02-13T21:08:31.348+0000] {subprocess.py:93} INFO -   df["Date"] = pd.to_datetime(
[2026-02-13T21:08:31.349+0000] {subprocess.py:93} INFO - RAW SHAPE: (536350, 8)
[2026-02-13T21:08:31.350+0000] {subprocess.py:93} INFO - CLEANED SHAPE: (531095, 8)
[2026-02-13T21:08:31.351+0000] {subprocess.py:93} INFO - CLEAN DATA SAVED TO processed/clean_sales.csv
[2026-02-13T21:08:31.428+0000] {subprocess.py:97} INFO - Command exited with return code 0
[2026-02-13T21:08:31.461+0000] {taskinstance.py:1138} INFO - Marking task as SUCCESS. dag_id=etl_pipeline, task_id=transform, execution_date=20260213T210822, start_date=20260213T210826, end_date=20260213T210831
[2026-02-13T21:08:31.486+0000] {local_task_job_runner.py:234} INFO - Task exited with return code 0
[2026-02-13T21:08:31.518+0000] {taskinstance.py:3280} INFO - 1 downstream tasks scheduled from follow-on schedule check
