[2026-02-13T19:53:06.957+0000] {taskinstance.py:1956} INFO - Dependencies all met for dep_context=non-requeueable deps ti=<TaskInstance: etl_pipeline.extract manual__2026-02-13T19:53:03.933315+00:00 [queued]>
[2026-02-13T19:53:06.971+0000] {taskinstance.py:1956} INFO - Dependencies all met for dep_context=requeueable deps ti=<TaskInstance: etl_pipeline.extract manual__2026-02-13T19:53:03.933315+00:00 [queued]>
[2026-02-13T19:53:06.972+0000] {taskinstance.py:2170} INFO - Starting attempt 1 of 1
[2026-02-13T19:53:06.990+0000] {taskinstance.py:2191} INFO - Executing <Task(BashOperator): extract> on 2026-02-13 19:53:03.933315+00:00
[2026-02-13T19:53:06.996+0000] {standard_task_runner.py:60} INFO - Started process 229 to run task
[2026-02-13T19:53:07.002+0000] {standard_task_runner.py:87} INFO - Running: ['***', 'tasks', 'run', 'etl_pipeline', 'extract', 'manual__2026-02-13T19:53:03.933315+00:00', '--job-id', '3', '--raw', '--subdir', 'DAGS_FOLDER/etl_pipeline.py', '--cfg-path', '/tmp/tmpwgmdvomd']
[2026-02-13T19:53:07.004+0000] {standard_task_runner.py:88} INFO - Job 3: Subtask extract
[2026-02-13T19:53:07.100+0000] {task_command.py:423} INFO - Running <TaskInstance: etl_pipeline.extract manual__2026-02-13T19:53:03.933315+00:00 [running]> on host d52f51268c6c
[2026-02-13T19:53:07.173+0000] {taskinstance.py:2480} INFO - Exporting env vars: AIRFLOW_CTX_DAG_OWNER='***' AIRFLOW_CTX_DAG_ID='etl_pipeline' AIRFLOW_CTX_TASK_ID='extract' AIRFLOW_CTX_EXECUTION_DATE='2026-02-13T19:53:03.933315+00:00' AIRFLOW_CTX_TRY_NUMBER='1' AIRFLOW_CTX_DAG_RUN_ID='manual__2026-02-13T19:53:03.933315+00:00'
[2026-02-13T19:53:07.176+0000] {subprocess.py:63} INFO - Tmp dir root location: /tmp
[2026-02-13T19:53:07.177+0000] {subprocess.py:75} INFO - Running command: ['/usr/bin/bash', '-c', 'python /opt/***/dags/scripts/extract.py']
[2026-02-13T19:53:07.189+0000] {subprocess.py:86} INFO - Output:
[2026-02-13T19:53:08.963+0000] {subprocess.py:93} INFO - Traceback (most recent call last):
[2026-02-13T19:53:08.965+0000] {subprocess.py:93} INFO -   File "/opt/***/dags/scripts/extract.py", line 11, in <module>
[2026-02-13T19:53:08.966+0000] {subprocess.py:93} INFO -     df = pd.read_csv(csv_path)
[2026-02-13T19:53:08.967+0000] {subprocess.py:93} INFO -   File "/home/***/.local/lib/python3.8/site-packages/pandas/io/parsers/readers.py", line 912, in read_csv
[2026-02-13T19:53:08.968+0000] {subprocess.py:93} INFO -     return _read(filepath_or_buffer, kwds)
[2026-02-13T19:53:08.969+0000] {subprocess.py:93} INFO -   File "/home/***/.local/lib/python3.8/site-packages/pandas/io/parsers/readers.py", line 577, in _read
[2026-02-13T19:53:08.970+0000] {subprocess.py:93} INFO -     parser = TextFileReader(filepath_or_buffer, **kwds)
[2026-02-13T19:53:08.970+0000] {subprocess.py:93} INFO -   File "/home/***/.local/lib/python3.8/site-packages/pandas/io/parsers/readers.py", line 1407, in __init__
[2026-02-13T19:53:08.971+0000] {subprocess.py:93} INFO -     self._engine = self._make_engine(f, self.engine)
[2026-02-13T19:53:08.972+0000] {subprocess.py:93} INFO -   File "/home/***/.local/lib/python3.8/site-packages/pandas/io/parsers/readers.py", line 1661, in _make_engine
[2026-02-13T19:53:08.973+0000] {subprocess.py:93} INFO -     self.handles = get_handle(
[2026-02-13T19:53:08.974+0000] {subprocess.py:93} INFO -   File "/home/***/.local/lib/python3.8/site-packages/pandas/io/common.py", line 859, in get_handle
[2026-02-13T19:53:08.975+0000] {subprocess.py:93} INFO -     handle = open(
[2026-02-13T19:53:08.975+0000] {subprocess.py:93} INFO - FileNotFoundError: [Errno 2] No such file or directory: '/opt/***/dags/scripts/../data/raw/sales.csv'
[2026-02-13T19:53:09.048+0000] {subprocess.py:97} INFO - Command exited with return code 1
[2026-02-13T19:53:09.072+0000] {taskinstance.py:2698} ERROR - Task failed with exception
Traceback (most recent call last):
  File "/home/airflow/.local/lib/python3.8/site-packages/airflow/models/taskinstance.py", line 433, in _execute_task
    result = execute_callable(context=context, **execute_callable_kwargs)
  File "/home/airflow/.local/lib/python3.8/site-packages/airflow/operators/bash.py", line 212, in execute
    raise AirflowException(
airflow.exceptions.AirflowException: Bash command failed. The command returned a non-zero exit code 1.
[2026-02-13T19:53:09.078+0000] {taskinstance.py:1138} INFO - Marking task as FAILED. dag_id=etl_pipeline, task_id=extract, execution_date=20260213T195303, start_date=20260213T195306, end_date=20260213T195309
[2026-02-13T19:53:09.104+0000] {standard_task_runner.py:107} ERROR - Failed to execute job 3 for task extract (Bash command failed. The command returned a non-zero exit code 1.; 229)
[2026-02-13T19:53:09.155+0000] {local_task_job_runner.py:234} INFO - Task exited with return code 1
[2026-02-13T19:53:09.182+0000] {taskinstance.py:3280} INFO - 0 downstream tasks scheduled from follow-on schedule check
