[2026-02-13T20:04:42.233+0000] {taskinstance.py:1956} INFO - Dependencies all met for dep_context=non-requeueable deps ti=<TaskInstance: etl_pipeline.extract manual__2026-02-13T20:04:32.090880+00:00 [queued]>
[2026-02-13T20:04:42.281+0000] {taskinstance.py:1956} INFO - Dependencies all met for dep_context=requeueable deps ti=<TaskInstance: etl_pipeline.extract manual__2026-02-13T20:04:32.090880+00:00 [queued]>
[2026-02-13T20:04:42.282+0000] {taskinstance.py:2170} INFO - Starting attempt 1 of 1
[2026-02-13T20:04:42.308+0000] {taskinstance.py:2191} INFO - Executing <Task(BashOperator): extract> on 2026-02-13 20:04:32.090880+00:00
[2026-02-13T20:04:42.315+0000] {standard_task_runner.py:60} INFO - Started process 67 to run task
[2026-02-13T20:04:42.321+0000] {standard_task_runner.py:87} INFO - Running: ['***', 'tasks', 'run', 'etl_pipeline', 'extract', 'manual__2026-02-13T20:04:32.090880+00:00', '--job-id', '7', '--raw', '--subdir', 'DAGS_FOLDER/etl_pipeline.py', '--cfg-path', '/tmp/tmp4yj3l9lf']
[2026-02-13T20:04:42.324+0000] {standard_task_runner.py:88} INFO - Job 7: Subtask extract
[2026-02-13T20:04:42.495+0000] {task_command.py:423} INFO - Running <TaskInstance: etl_pipeline.extract manual__2026-02-13T20:04:32.090880+00:00 [running]> on host d52f51268c6c
[2026-02-13T20:04:42.655+0000] {taskinstance.py:2480} INFO - Exporting env vars: AIRFLOW_CTX_DAG_OWNER='***' AIRFLOW_CTX_DAG_ID='etl_pipeline' AIRFLOW_CTX_TASK_ID='extract' AIRFLOW_CTX_EXECUTION_DATE='2026-02-13T20:04:32.090880+00:00' AIRFLOW_CTX_TRY_NUMBER='1' AIRFLOW_CTX_DAG_RUN_ID='manual__2026-02-13T20:04:32.090880+00:00'
[2026-02-13T20:04:42.658+0000] {subprocess.py:63} INFO - Tmp dir root location: /tmp
[2026-02-13T20:04:42.661+0000] {subprocess.py:75} INFO - Running command: ['/usr/bin/bash', '-c', 'python /opt/***/dags/scripts/extract.py']
[2026-02-13T20:04:42.673+0000] {subprocess.py:86} INFO - Output:
[2026-02-13T20:04:43.805+0000] {subprocess.py:93} INFO - Traceback (most recent call last):
[2026-02-13T20:04:43.806+0000] {subprocess.py:93} INFO -   File "/opt/***/dags/scripts/extract.py", line 11, in <module>
[2026-02-13T20:04:43.807+0000] {subprocess.py:93} INFO -     df = pd.read_csv(csv_path)
[2026-02-13T20:04:43.807+0000] {subprocess.py:93} INFO -   File "/home/***/.local/lib/python3.8/site-packages/pandas/io/parsers/readers.py", line 912, in read_csv
[2026-02-13T20:04:43.808+0000] {subprocess.py:93} INFO -     return _read(filepath_or_buffer, kwds)
[2026-02-13T20:04:43.809+0000] {subprocess.py:93} INFO -   File "/home/***/.local/lib/python3.8/site-packages/pandas/io/parsers/readers.py", line 577, in _read
[2026-02-13T20:04:43.810+0000] {subprocess.py:93} INFO -     parser = TextFileReader(filepath_or_buffer, **kwds)
[2026-02-13T20:04:43.810+0000] {subprocess.py:93} INFO -   File "/home/***/.local/lib/python3.8/site-packages/pandas/io/parsers/readers.py", line 1407, in __init__
[2026-02-13T20:04:43.812+0000] {subprocess.py:93} INFO -     self._engine = self._make_engine(f, self.engine)
[2026-02-13T20:04:43.813+0000] {subprocess.py:93} INFO -   File "/home/***/.local/lib/python3.8/site-packages/pandas/io/parsers/readers.py", line 1661, in _make_engine
[2026-02-13T20:04:43.814+0000] {subprocess.py:93} INFO -     self.handles = get_handle(
[2026-02-13T20:04:43.815+0000] {subprocess.py:93} INFO -   File "/home/***/.local/lib/python3.8/site-packages/pandas/io/common.py", line 859, in get_handle
[2026-02-13T20:04:43.816+0000] {subprocess.py:93} INFO -     handle = open(
[2026-02-13T20:04:43.816+0000] {subprocess.py:93} INFO - FileNotFoundError: [Errno 2] No such file or directory: '/opt/***/dags/scripts/../data/raw/sales.csv'
[2026-02-13T20:04:43.892+0000] {subprocess.py:97} INFO - Command exited with return code 1
[2026-02-13T20:04:43.912+0000] {taskinstance.py:2698} ERROR - Task failed with exception
Traceback (most recent call last):
  File "/home/airflow/.local/lib/python3.8/site-packages/airflow/models/taskinstance.py", line 433, in _execute_task
    result = execute_callable(context=context, **execute_callable_kwargs)
  File "/home/airflow/.local/lib/python3.8/site-packages/airflow/operators/bash.py", line 212, in execute
    raise AirflowException(
airflow.exceptions.AirflowException: Bash command failed. The command returned a non-zero exit code 1.
[2026-02-13T20:04:43.917+0000] {taskinstance.py:1138} INFO - Marking task as FAILED. dag_id=etl_pipeline, task_id=extract, execution_date=20260213T200432, start_date=20260213T200442, end_date=20260213T200443
[2026-02-13T20:04:43.936+0000] {standard_task_runner.py:107} ERROR - Failed to execute job 7 for task extract (Bash command failed. The command returned a non-zero exit code 1.; 67)
[2026-02-13T20:04:43.984+0000] {local_task_job_runner.py:234} INFO - Task exited with return code 1
[2026-02-13T20:04:44.014+0000] {taskinstance.py:3280} INFO - 0 downstream tasks scheduled from follow-on schedule check
