[2026-02-14T03:06:56.848+0000] {taskinstance.py:1956} INFO - Dependencies all met for dep_context=non-requeueable deps ti=<TaskInstance: etl_pipeline.extract manual__2026-02-14T03:06:55.959163+00:00 [queued]>
[2026-02-14T03:06:56.856+0000] {taskinstance.py:1956} INFO - Dependencies all met for dep_context=requeueable deps ti=<TaskInstance: etl_pipeline.extract manual__2026-02-14T03:06:55.959163+00:00 [queued]>
[2026-02-14T03:06:56.858+0000] {taskinstance.py:2170} INFO - Starting attempt 1 of 1
[2026-02-14T03:06:56.876+0000] {taskinstance.py:2191} INFO - Executing <Task(BashOperator): extract> on 2026-02-14 03:06:55.959163+00:00
[2026-02-14T03:06:56.882+0000] {standard_task_runner.py:60} INFO - Started process 218 to run task
[2026-02-14T03:06:56.887+0000] {standard_task_runner.py:87} INFO - Running: ['***', 'tasks', 'run', 'etl_pipeline', 'extract', 'manual__2026-02-14T03:06:55.959163+00:00', '--job-id', '48', '--raw', '--subdir', 'DAGS_FOLDER/etl_pipeline.py', '--cfg-path', '/tmp/tmp6nkwdg8w']
[2026-02-14T03:06:56.889+0000] {standard_task_runner.py:88} INFO - Job 48: Subtask extract
[2026-02-14T03:06:56.974+0000] {task_command.py:423} INFO - Running <TaskInstance: etl_pipeline.extract manual__2026-02-14T03:06:55.959163+00:00 [running]> on host 51fe2258f27f
[2026-02-14T03:06:57.062+0000] {taskinstance.py:2480} INFO - Exporting env vars: AIRFLOW_CTX_DAG_OWNER='***' AIRFLOW_CTX_DAG_ID='etl_pipeline' AIRFLOW_CTX_TASK_ID='extract' AIRFLOW_CTX_EXECUTION_DATE='2026-02-14T03:06:55.959163+00:00' AIRFLOW_CTX_TRY_NUMBER='1' AIRFLOW_CTX_DAG_RUN_ID='manual__2026-02-14T03:06:55.959163+00:00'
[2026-02-14T03:06:57.064+0000] {subprocess.py:63} INFO - Tmp dir root location: /tmp
[2026-02-14T03:06:57.065+0000] {subprocess.py:75} INFO - Running command: ['/usr/bin/bash', '-c', 'python /opt/***/dags/scripts/extract.py']
[2026-02-14T03:06:57.075+0000] {subprocess.py:86} INFO - Output:
[2026-02-14T03:06:58.621+0000] {subprocess.py:93} INFO - DATA EXTRACTED SUCCESSFULLY
[2026-02-14T03:06:58.622+0000] {subprocess.py:93} INFO -   TransactionNo       Date ProductNo  ... Quantity  CustomerNo         Country
[2026-02-14T03:06:58.623+0000] {subprocess.py:93} INFO - 0        581482  12/9/2019     22485  ...       12     17490.0  United Kingdom
[2026-02-14T03:06:58.623+0000] {subprocess.py:93} INFO - 1        581475  12/9/2019     22596  ...       36     13069.0  United Kingdom
[2026-02-14T03:06:58.624+0000] {subprocess.py:93} INFO - 2        581475  12/9/2019     23235  ...       12     13069.0  United Kingdom
[2026-02-14T03:06:58.624+0000] {subprocess.py:93} INFO - 3        581475  12/9/2019     23272  ...       12     13069.0  United Kingdom
[2026-02-14T03:06:58.625+0000] {subprocess.py:93} INFO - 4        581475  12/9/2019     23239  ...        6     13069.0  United Kingdom
[2026-02-14T03:06:58.625+0000] {subprocess.py:93} INFO - 
[2026-02-14T03:06:58.625+0000] {subprocess.py:93} INFO - [5 rows x 8 columns]
[2026-02-14T03:06:58.685+0000] {subprocess.py:97} INFO - Command exited with return code 0
[2026-02-14T03:06:58.719+0000] {taskinstance.py:1138} INFO - Marking task as SUCCESS. dag_id=etl_pipeline, task_id=extract, execution_date=20260214T030655, start_date=20260214T030656, end_date=20260214T030658
[2026-02-14T03:06:58.750+0000] {local_task_job_runner.py:234} INFO - Task exited with return code 0
[2026-02-14T03:06:58.770+0000] {taskinstance.py:3280} INFO - 1 downstream tasks scheduled from follow-on schedule check
