[2026-02-13T21:08:23.538+0000] {taskinstance.py:1956} INFO - Dependencies all met for dep_context=non-requeueable deps ti=<TaskInstance: etl_pipeline.extract manual__2026-02-13T21:08:22.743549+00:00 [queued]>
[2026-02-13T21:08:23.546+0000] {taskinstance.py:1956} INFO - Dependencies all met for dep_context=requeueable deps ti=<TaskInstance: etl_pipeline.extract manual__2026-02-13T21:08:22.743549+00:00 [queued]>
[2026-02-13T21:08:23.547+0000] {taskinstance.py:2170} INFO - Starting attempt 1 of 1
[2026-02-13T21:08:23.557+0000] {taskinstance.py:2191} INFO - Executing <Task(BashOperator): extract> on 2026-02-13 21:08:22.743549+00:00
[2026-02-13T21:08:23.561+0000] {standard_task_runner.py:60} INFO - Started process 76 to run task
[2026-02-13T21:08:23.565+0000] {standard_task_runner.py:87} INFO - Running: ['***', 'tasks', 'run', 'etl_pipeline', 'extract', 'manual__2026-02-13T21:08:22.743549+00:00', '--job-id', '33', '--raw', '--subdir', 'DAGS_FOLDER/etl_pipeline.py', '--cfg-path', '/tmp/tmpbs7whlu5']
[2026-02-13T21:08:23.566+0000] {standard_task_runner.py:88} INFO - Job 33: Subtask extract
[2026-02-13T21:08:23.630+0000] {task_command.py:423} INFO - Running <TaskInstance: etl_pipeline.extract manual__2026-02-13T21:08:22.743549+00:00 [running]> on host aed83b872311
[2026-02-13T21:08:23.702+0000] {taskinstance.py:2480} INFO - Exporting env vars: AIRFLOW_CTX_DAG_OWNER='***' AIRFLOW_CTX_DAG_ID='etl_pipeline' AIRFLOW_CTX_TASK_ID='extract' AIRFLOW_CTX_EXECUTION_DATE='2026-02-13T21:08:22.743549+00:00' AIRFLOW_CTX_TRY_NUMBER='1' AIRFLOW_CTX_DAG_RUN_ID='manual__2026-02-13T21:08:22.743549+00:00'
[2026-02-13T21:08:23.704+0000] {subprocess.py:63} INFO - Tmp dir root location: /tmp
[2026-02-13T21:08:23.705+0000] {subprocess.py:75} INFO - Running command: ['/usr/bin/bash', '-c', 'python /opt/***/dags/scripts/extract.py']
[2026-02-13T21:08:23.714+0000] {subprocess.py:86} INFO - Output:
[2026-02-13T21:08:25.616+0000] {subprocess.py:93} INFO - DATA EXTRACTED SUCCESSFULLY
[2026-02-13T21:08:25.617+0000] {subprocess.py:93} INFO -   TransactionNo       Date ProductNo  ... Quantity  CustomerNo         Country
[2026-02-13T21:08:25.618+0000] {subprocess.py:93} INFO - 0        581482  12/9/2019     22485  ...       12     17490.0  United Kingdom
[2026-02-13T21:08:25.619+0000] {subprocess.py:93} INFO - 1        581475  12/9/2019     22596  ...       36     13069.0  United Kingdom
[2026-02-13T21:08:25.619+0000] {subprocess.py:93} INFO - 2        581475  12/9/2019     23235  ...       12     13069.0  United Kingdom
[2026-02-13T21:08:25.620+0000] {subprocess.py:93} INFO - 3        581475  12/9/2019     23272  ...       12     13069.0  United Kingdom
[2026-02-13T21:08:25.621+0000] {subprocess.py:93} INFO - 4        581475  12/9/2019     23239  ...        6     13069.0  United Kingdom
[2026-02-13T21:08:25.621+0000] {subprocess.py:93} INFO - 
[2026-02-13T21:08:25.622+0000] {subprocess.py:93} INFO - [5 rows x 8 columns]
[2026-02-13T21:08:25.685+0000] {subprocess.py:97} INFO - Command exited with return code 0
[2026-02-13T21:08:25.711+0000] {taskinstance.py:1138} INFO - Marking task as SUCCESS. dag_id=etl_pipeline, task_id=extract, execution_date=20260213T210822, start_date=20260213T210823, end_date=20260213T210825
[2026-02-13T21:08:25.751+0000] {local_task_job_runner.py:234} INFO - Task exited with return code 0
[2026-02-13T21:08:25.778+0000] {taskinstance.py:3280} INFO - 1 downstream tasks scheduled from follow-on schedule check
