[2026-02-13T21:23:08.665+0000] {taskinstance.py:1956} INFO - Dependencies all met for dep_context=non-requeueable deps ti=<TaskInstance: etl_pipeline.extract manual__2026-02-13T21:23:07.590598+00:00 [queued]>
[2026-02-13T21:23:08.676+0000] {taskinstance.py:1956} INFO - Dependencies all met for dep_context=requeueable deps ti=<TaskInstance: etl_pipeline.extract manual__2026-02-13T21:23:07.590598+00:00 [queued]>
[2026-02-13T21:23:08.677+0000] {taskinstance.py:2170} INFO - Starting attempt 1 of 1
[2026-02-13T21:23:08.692+0000] {taskinstance.py:2191} INFO - Executing <Task(BashOperator): extract> on 2026-02-13 21:23:07.590598+00:00
[2026-02-13T21:23:08.698+0000] {standard_task_runner.py:60} INFO - Started process 101 to run task
[2026-02-13T21:23:08.703+0000] {standard_task_runner.py:87} INFO - Running: ['***', 'tasks', 'run', 'etl_pipeline', 'extract', 'manual__2026-02-13T21:23:07.590598+00:00', '--job-id', '45', '--raw', '--subdir', 'DAGS_FOLDER/etl_pipeline.py', '--cfg-path', '/tmp/tmpq72f3fdb']
[2026-02-13T21:23:08.704+0000] {standard_task_runner.py:88} INFO - Job 45: Subtask extract
[2026-02-13T21:23:08.789+0000] {task_command.py:423} INFO - Running <TaskInstance: etl_pipeline.extract manual__2026-02-13T21:23:07.590598+00:00 [running]> on host 51fe2258f27f
[2026-02-13T21:23:08.870+0000] {taskinstance.py:2480} INFO - Exporting env vars: AIRFLOW_CTX_DAG_OWNER='***' AIRFLOW_CTX_DAG_ID='etl_pipeline' AIRFLOW_CTX_TASK_ID='extract' AIRFLOW_CTX_EXECUTION_DATE='2026-02-13T21:23:07.590598+00:00' AIRFLOW_CTX_TRY_NUMBER='1' AIRFLOW_CTX_DAG_RUN_ID='manual__2026-02-13T21:23:07.590598+00:00'
[2026-02-13T21:23:08.872+0000] {subprocess.py:63} INFO - Tmp dir root location: /tmp
[2026-02-13T21:23:08.873+0000] {subprocess.py:75} INFO - Running command: ['/usr/bin/bash', '-c', 'python /opt/***/dags/scripts/extract.py']
[2026-02-13T21:23:08.885+0000] {subprocess.py:86} INFO - Output:
[2026-02-13T21:23:11.722+0000] {subprocess.py:93} INFO - DATA EXTRACTED SUCCESSFULLY
[2026-02-13T21:23:11.724+0000] {subprocess.py:93} INFO -   TransactionNo       Date ProductNo  ... Quantity  CustomerNo         Country
[2026-02-13T21:23:11.725+0000] {subprocess.py:93} INFO - 0        581482  12/9/2019     22485  ...       12     17490.0  United Kingdom
[2026-02-13T21:23:11.726+0000] {subprocess.py:93} INFO - 1        581475  12/9/2019     22596  ...       36     13069.0  United Kingdom
[2026-02-13T21:23:11.726+0000] {subprocess.py:93} INFO - 2        581475  12/9/2019     23235  ...       12     13069.0  United Kingdom
[2026-02-13T21:23:11.727+0000] {subprocess.py:93} INFO - 3        581475  12/9/2019     23272  ...       12     13069.0  United Kingdom
[2026-02-13T21:23:11.728+0000] {subprocess.py:93} INFO - 4        581475  12/9/2019     23239  ...        6     13069.0  United Kingdom
[2026-02-13T21:23:11.729+0000] {subprocess.py:93} INFO - 
[2026-02-13T21:23:11.730+0000] {subprocess.py:93} INFO - [5 rows x 8 columns]
[2026-02-13T21:23:11.806+0000] {subprocess.py:97} INFO - Command exited with return code 0
[2026-02-13T21:23:11.843+0000] {taskinstance.py:1138} INFO - Marking task as SUCCESS. dag_id=etl_pipeline, task_id=extract, execution_date=20260213T212307, start_date=20260213T212308, end_date=20260213T212311
[2026-02-13T21:23:11.892+0000] {local_task_job_runner.py:234} INFO - Task exited with return code 0
[2026-02-13T21:23:11.923+0000] {taskinstance.py:3280} INFO - 1 downstream tasks scheduled from follow-on schedule check
